MONGODB | EVENT: #<Mongo::Monitoring::Event::TopologyOpening topology=Unknown>
MONGODB | Topology type 'unknown' initializing.
MONGODB | EVENT: #<Mongo::Monitoring::Event::ServerOpening address=localhost:27017 topology=Unknown>
MONGODB | Server localhost:27017 initializing.
MONGODB | EVENT: #<Mongo::Monitoring::Event::TopologyChanged prev=Unknown new=Single>
MONGODB | Topology type 'unknown' changed to type 'single'.
MONGODB | EVENT: #<Mongo::Monitoring::Event::ServerDescriptionChanged>
MONGODB | Server description for localhost:27017 changed from 'unknown' to 'standalone'.
MONGODB | EVENT: #<Mongo::Monitoring::Event::TopologyChanged prev=Single new=Single>
MONGODB | There was a change in the members of the 'single' topology.
MONGODB | localhost:27017 | triresults2_development.find | STARTED | {"find"=>"races", "filter"=>{}, "limit"=>-1}
MONGODB | localhost:27017 | triresults2_development.find | SUCCEEDED | 0.002s


Started GET "/api/races/569a58b8e301d083c3000000" for 127.0.0.1 at 2018-07-16 02:48:50 +0000
Processing by Api::RacesController#show as application/foobar
  Parameters: {"id"=>"569a58b8e301d083c3000000"}
Missing template api/races/show, application/show with {:locale=>[:en], :formats=>["application/foobar"], :variants=>[], :handlers=>[:erb, :builder, :raw, :ruby, :coffee, :jbuilder]}. Searched in:
  * "/home/ubuntu/workspace/triresults2/app/views"

Completed 500 Internal Server Error in 16ms (ActiveRecord: 0.0ms)

ActionView::MissingTemplate (Missing template api/error_msg with {:locale=>[:en], :formats=>["application/foobar"], :variants=>[], :handlers=>[:erb, :builder, :raw, :ruby, :coffee, :jbuilder]}. Searched in:
  * "/home/ubuntu/workspace/triresults2/app/views"
):
  app/controllers/application_controller.rb:10:in `block in <class:ApplicationController>'


  Rendered /usr/local/rvm/gems/ruby-2.4.0/gems/actionpack-4.2.8/lib/action_dispatch/middleware/templates/rescues/_source.erb (6.4ms)
  Rendered /usr/local/rvm/gems/ruby-2.4.0/gems/actionpack-4.2.8/lib/action_dispatch/middleware/templates/rescues/_trace.html.erb (7.2ms)
  Rendered /usr/local/rvm/gems/ruby-2.4.0/gems/actionpack-4.2.8/lib/action_dispatch/middleware/templates/rescues/_request_and_response.html.erb (2.4ms)
  Rendered /usr/local/rvm/gems/ruby-2.4.0/gems/actionpack-4.2.8/lib/action_dispatch/middleware/templates/rescues/missing_template.html.erb within rescues/layout (55.6ms)
  Rendered /usr/local/rvm/gems/ruby-2.4.0/gems/web-console-2.3.0/lib/web_console/templates/_markup.html.erb (2.2ms)
  Rendered /usr/local/rvm/gems/ruby-2.4.0/gems/web-console-2.3.0/lib/web_console/templates/_inner_console_markup.html.erb within layouts/inlined_string (0.5ms)
  Rendered /usr/local/rvm/gems/ruby-2.4.0/gems/web-console-2.3.0/lib/web_console/templates/_prompt_box_markup.html.erb within layouts/inlined_string (0.4ms)
  Rendered /usr/local/rvm/gems/ruby-2.4.0/gems/web-console-2.3.0/lib/web_console/templates/style.css.erb within layouts/inlined_string (0.3ms)
  Rendered /usr/local/rvm/gems/ruby-2.4.0/gems/web-console-2.3.0/lib/web_console/templates/console.js.erb within layouts/javascript (35.8ms)
  Rendered /usr/local/rvm/gems/ruby-2.4.0/gems/web-console-2.3.0/lib/web_console/templates/main.js.erb within layouts/javascript (0.5ms)
  Rendered /usr/local/rvm/gems/ruby-2.4.0/gems/web-console-2.3.0/lib/web_console/templates/error_page.js.erb within layouts/javascript (0.5ms)
  Rendered /usr/local/rvm/gems/ruby-2.4.0/gems/web-console-2.3.0/lib/web_console/templates/index.html.erb (78.1ms)
MONGODB | EVENT: #<Mongo::Monitoring::Event::TopologyOpening topology=Unknown>
MONGODB | Topology type 'unknown' initializing.
MONGODB | EVENT: #<Mongo::Monitoring::Event::ServerOpening address=localhost:27017 topology=Unknown>
MONGODB | Server localhost:27017 initializing.
MONGODB | EVENT: #<Mongo::Monitoring::Event::TopologyChanged prev=Unknown new=Single>
MONGODB | Topology type 'unknown' changed to type 'single'.
MONGODB | EVENT: #<Mongo::Monitoring::Event::ServerDescriptionChanged>
MONGODB | Server description for localhost:27017 changed from 'unknown' to 'standalone'.
MONGODB | EVENT: #<Mongo::Monitoring::Event::TopologyChanged prev=Single new=Single>
MONGODB | There was a change in the members of the 'single' topology.
MONGODB | localhost:27017 | triresults2_development.find | STARTED | {"find"=>"races", "filter"=>{}, "limit"=>-1}
MONGODB | localhost:27017 | triresults2_development.find | SUCCEEDED | 0.001s


Started GET "/api/races/569a58b8e301d083c3000000" for 127.0.0.1 at 2018-07-16 02:49:34 +0000
Processing by Api::RacesController#show as application/foobar
  Parameters: {"id"=>"569a58b8e301d083c3000000"}
Missing template api/races/show, application/show with {:locale=>[:en], :formats=>["application/foobar"], :variants=>[], :handlers=>[:erb, :builder, :raw, :ruby, :coffee, :jbuilder]}. Searched in:
  * "/home/ubuntu/workspace/triresults2/app/views"

Completed 500 Internal Server Error in 3ms (ActiveRecord: 0.0ms)

ActionView::MissingTemplate (Missing template api/error_msg with {:locale=>[:en], :formats=>["application/foobar"], :variants=>[], :handlers=>[:erb, :builder, :raw, :ruby, :coffee, :jbuilder]}. Searched in:
  * "/home/ubuntu/workspace/triresults2/app/views"
):
  app/controllers/application_controller.rb:10:in `block in <class:ApplicationController>'


  Rendered /usr/local/rvm/gems/ruby-2.4.0/gems/actionpack-4.2.8/lib/action_dispatch/middleware/templates/rescues/_source.erb (5.6ms)
  Rendered /usr/local/rvm/gems/ruby-2.4.0/gems/actionpack-4.2.8/lib/action_dispatch/middleware/templates/rescues/_trace.html.erb (5.4ms)
  Rendered /usr/local/rvm/gems/ruby-2.4.0/gems/actionpack-4.2.8/lib/action_dispatch/middleware/templates/rescues/_request_and_response.html.erb (1.1ms)
  Rendered /usr/local/rvm/gems/ruby-2.4.0/gems/actionpack-4.2.8/lib/action_dispatch/middleware/templates/rescues/missing_template.html.erb within rescues/layout (34.3ms)
  Rendered /usr/local/rvm/gems/ruby-2.4.0/gems/web-console-2.3.0/lib/web_console/templates/_markup.html.erb (0.5ms)
  Rendered /usr/local/rvm/gems/ruby-2.4.0/gems/web-console-2.3.0/lib/web_console/templates/_inner_console_markup.html.erb within layouts/inlined_string (0.3ms)
  Rendered /usr/local/rvm/gems/ruby-2.4.0/gems/web-console-2.3.0/lib/web_console/templates/_prompt_box_markup.html.erb within layouts/inlined_string (0.4ms)
  Rendered /usr/local/rvm/gems/ruby-2.4.0/gems/web-console-2.3.0/lib/web_console/templates/style.css.erb within layouts/inlined_string (0.4ms)
  Rendered /usr/local/rvm/gems/ruby-2.4.0/gems/web-console-2.3.0/lib/web_console/templates/console.js.erb within layouts/javascript (23.6ms)
  Rendered /usr/local/rvm/gems/ruby-2.4.0/gems/web-console-2.3.0/lib/web_console/templates/main.js.erb within layouts/javascript (0.4ms)
  Rendered /usr/local/rvm/gems/ruby-2.4.0/gems/web-console-2.3.0/lib/web_console/templates/error_page.js.erb within layouts/javascript (0.5ms)
  Rendered /usr/local/rvm/gems/ruby-2.4.0/gems/web-console-2.3.0/lib/web_console/templates/index.html.erb (49.8ms)
MONGODB | EVENT: #<Mongo::Monitoring::Event::TopologyOpening topology=Unknown>
MONGODB | Topology type 'unknown' initializing.
MONGODB | EVENT: #<Mongo::Monitoring::Event::ServerOpening address=localhost:27017 topology=Unknown>
MONGODB | Server localhost:27017 initializing.
MONGODB | EVENT: #<Mongo::Monitoring::Event::TopologyChanged prev=Unknown new=Single>
MONGODB | Topology type 'unknown' changed to type 'single'.
MONGODB | EVENT: #<Mongo::Monitoring::Event::ServerDescriptionChanged>
MONGODB | Server description for localhost:27017 changed from 'unknown' to 'standalone'.
MONGODB | EVENT: #<Mongo::Monitoring::Event::TopologyChanged prev=Single new=Single>
MONGODB | There was a change in the members of the 'single' topology.
MONGODB | localhost:27017 | triresults2_development.find | STARTED | {"find"=>"races", "filter"=>{}, "limit"=>-1}
MONGODB | localhost:27017 | triresults2_development.find | SUCCEEDED | 0.001s


Started GET "/api/races/569a58b8e301d083c3000000" for 127.0.0.1 at 2018-07-16 02:57:18 +0000
Processing by Api::RacesController#show as application/foobar
  Parameters: {"id"=>"569a58b8e301d083c3000000"}
Missing template api/races/show, application/show with {:locale=>[:en], :formats=>["application/foobar"], :variants=>[], :handlers=>[:erb, :builder, :raw, :ruby, :coffee, :jbuilder]}. Searched in:
  * "/home/ubuntu/workspace/triresults2/app/views"

Completed 500 Internal Server Error in 5ms (ActiveRecord: 0.0ms)

ActionView::MissingTemplate (Missing template api/error_msg with {:locale=>[:en], :formats=>["application/foobar"], :variants=>[], :handlers=>[:erb, :builder, :raw, :ruby, :coffee, :jbuilder]}. Searched in:
  * "/home/ubuntu/workspace/triresults2/app/views"
):
  app/controllers/application_controller.rb:10:in `block in <class:ApplicationController>'


  Rendered /usr/local/rvm/gems/ruby-2.4.0/gems/actionpack-4.2.8/lib/action_dispatch/middleware/templates/rescues/_source.erb (28.0ms)
  Rendered /usr/local/rvm/gems/ruby-2.4.0/gems/actionpack-4.2.8/lib/action_dispatch/middleware/templates/rescues/_trace.html.erb (2.8ms)
  Rendered /usr/local/rvm/gems/ruby-2.4.0/gems/actionpack-4.2.8/lib/action_dispatch/middleware/templates/rescues/_request_and_response.html.erb (0.9ms)
  Rendered /usr/local/rvm/gems/ruby-2.4.0/gems/actionpack-4.2.8/lib/action_dispatch/middleware/templates/rescues/missing_template.html.erb within rescues/layout (55.2ms)
  Rendered /usr/local/rvm/gems/ruby-2.4.0/gems/web-console-2.3.0/lib/web_console/templates/_markup.html.erb (0.4ms)
  Rendered /usr/local/rvm/gems/ruby-2.4.0/gems/web-console-2.3.0/lib/web_console/templates/_inner_console_markup.html.erb within layouts/inlined_string (0.4ms)
  Rendered /usr/local/rvm/gems/ruby-2.4.0/gems/web-console-2.3.0/lib/web_console/templates/_prompt_box_markup.html.erb within layouts/inlined_string (0.4ms)
  Rendered /usr/local/rvm/gems/ruby-2.4.0/gems/web-console-2.3.0/lib/web_console/templates/style.css.erb within layouts/inlined_string (0.3ms)
  Rendered /usr/local/rvm/gems/ruby-2.4.0/gems/web-console-2.3.0/lib/web_console/templates/console.js.erb within layouts/javascript (24.0ms)
  Rendered /usr/local/rvm/gems/ruby-2.4.0/gems/web-console-2.3.0/lib/web_console/templates/main.js.erb within layouts/javascript (0.3ms)
  Rendered /usr/local/rvm/gems/ruby-2.4.0/gems/web-console-2.3.0/lib/web_console/templates/error_page.js.erb within layouts/javascript (1.5ms)
  Rendered /usr/local/rvm/gems/ruby-2.4.0/gems/web-console-2.3.0/lib/web_console/templates/index.html.erb (50.4ms)


Started GET "/api/races/569a58b8e301d083c3000000" for 127.0.0.1 at 2018-07-16 02:59:26 +0000
Processing by Api::RacesController#show as application/foobar
  Parameters: {"id"=>"569a58b8e301d083c3000000"}
Missing template api/races/show, application/show with {:locale=>[:en], :formats=>["application/foobar"], :variants=>[], :handlers=>[:erb, :builder, :raw, :ruby, :coffee, :jbuilder]}. Searched in:
  * "/home/ubuntu/workspace/triresults2/app/views"

Completed 500 Internal Server Error in 3ms (ActiveRecord: 0.0ms)

ActionView::MissingTemplate (Missing template api/error_msg with {:locale=>[:en], :formats=>["application/foobar"], :variants=>[], :handlers=>[:erb, :builder, :raw, :ruby, :coffee, :jbuilder]}. Searched in:
  * "/home/ubuntu/workspace/triresults2/app/views"
):
  app/controllers/application_controller.rb:10:in `block in <class:ApplicationController>'


  Rendered /usr/local/rvm/gems/ruby-2.4.0/gems/actionpack-4.2.8/lib/action_dispatch/middleware/templates/rescues/_source.erb (5.5ms)
  Rendered /usr/local/rvm/gems/ruby-2.4.0/gems/actionpack-4.2.8/lib/action_dispatch/middleware/templates/rescues/_trace.html.erb (2.8ms)
  Rendered /usr/local/rvm/gems/ruby-2.4.0/gems/actionpack-4.2.8/lib/action_dispatch/middleware/templates/rescues/_request_and_response.html.erb (2.5ms)
  Rendered /usr/local/rvm/gems/ruby-2.4.0/gems/actionpack-4.2.8/lib/action_dispatch/middleware/templates/rescues/missing_template.html.erb within rescues/layout (31.4ms)
  Rendered /usr/local/rvm/gems/ruby-2.4.0/gems/web-console-2.3.0/lib/web_console/templates/_markup.html.erb (0.5ms)
  Rendered /usr/local/rvm/gems/ruby-2.4.0/gems/web-console-2.3.0/lib/web_console/templates/_inner_console_markup.html.erb within layouts/inlined_string (0.5ms)
  Rendered /usr/local/rvm/gems/ruby-2.4.0/gems/web-console-2.3.0/lib/web_console/templates/_prompt_box_markup.html.erb within layouts/inlined_string (0.4ms)
  Rendered /usr/local/rvm/gems/ruby-2.4.0/gems/web-console-2.3.0/lib/web_console/templates/style.css.erb within layouts/inlined_string (0.5ms)
  Rendered /usr/local/rvm/gems/ruby-2.4.0/gems/web-console-2.3.0/lib/web_console/templates/console.js.erb within layouts/javascript (25.7ms)
  Rendered /usr/local/rvm/gems/ruby-2.4.0/gems/web-console-2.3.0/lib/web_console/templates/main.js.erb within layouts/javascript (0.3ms)
  Rendered /usr/local/rvm/gems/ruby-2.4.0/gems/web-console-2.3.0/lib/web_console/templates/error_page.js.erb within layouts/javascript (0.5ms)
  Rendered /usr/local/rvm/gems/ruby-2.4.0/gems/web-console-2.3.0/lib/web_console/templates/index.html.erb (52.2ms)
MONGODB | EVENT: #<Mongo::Monitoring::Event::TopologyOpening topology=Unknown>
MONGODB | Topology type 'unknown' initializing.
MONGODB | EVENT: #<Mongo::Monitoring::Event::ServerOpening address=localhost:27017 topology=Unknown>
MONGODB | Server localhost:27017 initializing.
MONGODB | EVENT: #<Mongo::Monitoring::Event::TopologyChanged prev=Unknown new=Single>
MONGODB | Topology type 'unknown' changed to type 'single'.
MONGODB | EVENT: #<Mongo::Monitoring::Event::ServerDescriptionChanged>
MONGODB | Server description for localhost:27017 changed from 'unknown' to 'standalone'.
MONGODB | EVENT: #<Mongo::Monitoring::Event::TopologyChanged prev=Single new=Single>
MONGODB | There was a change in the members of the 'single' topology.
MONGODB | localhost:27017 | triresults2_development.find | STARTED | {"find"=>"races", "filter"=>{}, "limit"=>-1}
MONGODB | localhost:27017 | triresults2_development.find | SUCCEEDED | 0.003s
MONGODB | localhost:27017 | triresults2_development.find | STARTED | {"find"=>"races", "filter"=>{}, "limit"=>-1}
MONGODB | localhost:27017 | triresults2_development.find | SUCCEEDED | 0.001s
MONGODB | EVENT: #<Mongo::Monitoring::Event::TopologyOpening topology=Unknown>
MONGODB | Topology type 'unknown' initializing.
MONGODB | EVENT: #<Mongo::Monitoring::Event::ServerOpening address=localhost:27017 topology=Unknown>
MONGODB | Server localhost:27017 initializing.
MONGODB | EVENT: #<Mongo::Monitoring::Event::TopologyChanged prev=Unknown new=Single>
MONGODB | Topology type 'unknown' changed to type 'single'.
MONGODB | EVENT: #<Mongo::Monitoring::Event::ServerDescriptionChanged>
MONGODB | Server description for localhost:27017 changed from 'unknown' to 'standalone'.
MONGODB | EVENT: #<Mongo::Monitoring::Event::TopologyChanged prev=Single new=Single>
MONGODB | There was a change in the members of the 'single' topology.
MONGODB | localhost:27017 | triresults2_development.find | STARTED | {"find"=>"races", "filter"=>{"date"=>{"$gte"=>2018-07-16 00:00:00 UTC}}}
MONGODB | localhost:27017 | triresults2_development.find | SUCCEEDED | 0.021s
MONGODB | localhost:27017 | triresults2_development.find | STARTED | {"find"=>"results", "filter"=>{"race._id"=>BSON::ObjectId('569a58b8e301d083c3000174')}, "sort"=>{"secs"=>1, "bib"=>1}}
MONGODB | localhost:27017 | triresults2_development.find | SUCCEEDED | 0.160s
MONGODB | localhost:27017 | triresults2_development.find | STARTED | {"find"=>"results", "filter"=>{"_id"=>BSON::ObjectId('569a58cde301d083c3005602')}, "projection"=>{"created_at"=>1, "updated_at"=>1, "secs"=>1}}
MONGODB | localhost:27017 | triresults2_development.find | SUCCEEDED | 0.006s


Started PATCH "/api/races/569a58b8e301d083c3000174/results/569a58cde301d083c3005602" for 127.0.0.1 at 2018-07-16 04:01:30 +0000
Processing by Api::ResultsController#update as HTML
  Parameters: {"result"=>{"swim"=>900}, "race_id"=>"569a58b8e301d083c3000174", "id"=>"569a58cde301d083c3005602"}
Can't verify CSRF token authenticity
MONGODB | localhost:27017 | triresults2_development.find | STARTED | {"find"=>"results", "filter"=>{"_id"=>BSON::ObjectId('569a58cde301d083c3005602')}}
MONGODB | localhost:27017 | triresults2_development.find | SUCCEEDED | 0.001s
Completed 500 Internal Server Error in 51ms (ActiveRecord: 0.0ms)

NoMethodError (undefined method `where' for #<Entrant:0x00000004377450>):
  app/controllers/api/results_controller.rb:41:in `update'


  Rendered /usr/local/rvm/gems/ruby-2.4.0/gems/actionpack-4.2.8/lib/action_dispatch/middleware/templates/rescues/_source.erb (5.2ms)
  Rendered /usr/local/rvm/gems/ruby-2.4.0/gems/actionpack-4.2.8/lib/action_dispatch/middleware/templates/rescues/_trace.html.erb (3.2ms)
  Rendered /usr/local/rvm/gems/ruby-2.4.0/gems/actionpack-4.2.8/lib/action_dispatch/middleware/templates/rescues/_request_and_response.html.erb (1.3ms)
  Rendered /usr/local/rvm/gems/ruby-2.4.0/gems/actionpack-4.2.8/lib/action_dispatch/middleware/templates/rescues/diagnostics.html.erb within rescues/layout (32.3ms)
  Rendered /usr/local/rvm/gems/ruby-2.4.0/gems/web-console-2.3.0/lib/web_console/templates/_markup.html.erb (0.6ms)
  Rendered /usr/local/rvm/gems/ruby-2.4.0/gems/web-console-2.3.0/lib/web_console/templates/_inner_console_markup.html.erb within layouts/inlined_string (0.4ms)
  Rendered /usr/local/rvm/gems/ruby-2.4.0/gems/web-console-2.3.0/lib/web_console/templates/_prompt_box_markup.html.erb within layouts/inlined_string (0.4ms)
  Rendered /usr/local/rvm/gems/ruby-2.4.0/gems/web-console-2.3.0/lib/web_console/templates/style.css.erb within layouts/inlined_string (0.5ms)
  Rendered /usr/local/rvm/gems/ruby-2.4.0/gems/web-console-2.3.0/lib/web_console/templates/console.js.erb within layouts/javascript (27.5ms)
  Rendered /usr/local/rvm/gems/ruby-2.4.0/gems/web-console-2.3.0/lib/web_console/templates/main.js.erb within layouts/javascript (1.8ms)
  Rendered /usr/local/rvm/gems/ruby-2.4.0/gems/web-console-2.3.0/lib/web_console/templates/error_page.js.erb within layouts/javascript (0.5ms)
  Rendered /usr/local/rvm/gems/ruby-2.4.0/gems/web-console-2.3.0/lib/web_console/templates/index.html.erb (58.5ms)


Started GET "/" for 186.143.202.64 at 2018-07-16 04:02:13 +0000
Cannot render console from 186.143.202.64! Allowed networks: 127.0.0.1, ::1, 127.0.0.0/127.255.255.255
Processing by Rails::WelcomeController#index as HTML
  Rendered /usr/local/rvm/gems/ruby-2.4.0/gems/railties-4.2.8/lib/rails/templates/rails/welcome/index.html.erb (1.9ms)
Completed 200 OK in 5ms (Views: 4.8ms | ActiveRecord: 0.0ms)


Started GET "/" for 186.143.202.64 at 2018-07-16 04:02:21 +0000
Cannot render console from 186.143.202.64! Allowed networks: 127.0.0.1, ::1, 127.0.0.0/127.255.255.255
Processing by Rails::WelcomeController#index as HTML
  Rendered /usr/local/rvm/gems/ruby-2.4.0/gems/railties-4.2.8/lib/rails/templates/rails/welcome/index.html.erb (0.1ms)
Completed 200 OK in 2ms (Views: 1.2ms | ActiveRecord: 0.0ms)


Started GET "/api/races/123" for 186.143.202.64 at 2018-07-16 04:02:30 +0000
Cannot render console from 186.143.202.64! Allowed networks: 127.0.0.1, ::1, 127.0.0.0/127.255.255.255
Processing by Api::RacesController#show as HTML
  Parameters: {"id"=>"123"}
MONGODB | localhost:27017 | triresults2_development.find | STARTED | {"find"=>"races", "filter"=>{"_id"=>"123"}}
MONGODB | localhost:27017 | triresults2_development.find | SUCCEEDED | 0.001s
Completed 500 Internal Server Error in 35ms (ActiveRecord: 0.0ms)

ActionView::MissingTemplate (Missing template api/error_msg with {:locale=>[:en], :formats=>[:html], :variants=>[], :handlers=>[:erb, :builder, :raw, :ruby, :coffee, :jbuilder]}. Searched in:
  * "/home/ubuntu/workspace/triresults2/app/views"
):
  app/controllers/application_controller.rb:3:in `block in <class:ApplicationController>'


  Rendered /usr/local/rvm/gems/ruby-2.4.0/gems/actionpack-4.2.8/lib/action_dispatch/middleware/templates/rescues/_source.erb (5.0ms)
  Rendered /usr/local/rvm/gems/ruby-2.4.0/gems/actionpack-4.2.8/lib/action_dispatch/middleware/templates/rescues/_trace.html.erb (2.6ms)
  Rendered /usr/local/rvm/gems/ruby-2.4.0/gems/actionpack-4.2.8/lib/action_dispatch/middleware/templates/rescues/_request_and_response.html.erb (0.9ms)
  Rendered /usr/local/rvm/gems/ruby-2.4.0/gems/actionpack-4.2.8/lib/action_dispatch/middleware/templates/rescues/missing_template.html.erb within rescues/layout (28.7ms)
MONGODB | EVENT: #<Mongo::Monitoring::Event::TopologyOpening topology=Unknown>
MONGODB | Topology type 'unknown' initializing.
MONGODB | EVENT: #<Mongo::Monitoring::Event::ServerOpening address=localhost:27017 topology=Unknown>
MONGODB | Server localhost:27017 initializing.
MONGODB | EVENT: #<Mongo::Monitoring::Event::TopologyChanged prev=Unknown new=Single>
MONGODB | Topology type 'unknown' changed to type 'single'.
MONGODB | EVENT: #<Mongo::Monitoring::Event::ServerDescriptionChanged>
MONGODB | Server description for localhost:27017 changed from 'unknown' to 'standalone'.
MONGODB | EVENT: #<Mongo::Monitoring::Event::TopologyChanged prev=Single new=Single>
MONGODB | There was a change in the members of the 'single' topology.
MONGODB | localhost:27017 | triresults2_development.find | STARTED | {"find"=>"races", "filter"=>{}, "limit"=>-1}
MONGODB | localhost:27017 | triresults2_development.find | SUCCEEDED | 0.002s
MONGODB | localhost:27017 | triresults2_development.aggregate | STARTED | {"aggregate"=>"results", "pipeline"=>[{"$match"=>{"race._id"=>BSON::ObjectId('569a58b8e301d083c3000000')}}, {"$match"=>{"race._id"=>BSON::ObjectId('569a58b8e301d083c3000000'), "updated_at"=>{"$exists"=>true}}}, {"$sort"=>{"secs"=>1, "bib"=>1}}, {"$gro...
MONGODB | localhost:27017 | triresults2_development.aggregate | SUCCEEDED | 0.037s
MONGODB | localhost:27017 | triresults2_development.find | STARTED | {"find"=>"races", "filter"=>{}, "limit"=>-1}
MONGODB | localhost:27017 | triresults2_development.find | SUCCEEDED | 0.001s
MONGODB | localhost:27017 | triresults2_development.aggregate | STARTED | {"aggregate"=>"results", "pipeline"=>[{"$match"=>{"race._id"=>BSON::ObjectId('569a58b8e301d083c3000000')}}, {"$match"=>{"race._id"=>BSON::ObjectId('569a58b8e301d083c3000000'), "updated_at"=>{"$exists"=>true}}}, {"$sort"=>{"secs"=>1, "bib"=>1}}, {"$gro...
MONGODB | localhost:27017 | triresults2_development.aggregate | SUCCEEDED | 0.003s
MONGODB | localhost:27017 | triresults2_development.find | STARTED | {"find"=>"races", "filter"=>{}, "limit"=>-1}
MONGODB | localhost:27017 | triresults2_development.find | SUCCEEDED | 0.001s
MONGODB | localhost:27017 | triresults2_development.find | STARTED | {"find"=>"races", "filter"=>{}, "limit"=>-1}
MONGODB | localhost:27017 | triresults2_development.find | SUCCEEDED | 0.001s
MONGODB | localhost:27017 | triresults2_development.find | STARTED | {"find"=>"results", "filter"=>{"race._id"=>BSON::ObjectId('569a58b8e301d083c3000000')}, "sort"=>{"secs"=>1, "bib"=>1}}
MONGODB | localhost:27017 | triresults2_development.find | SUCCEEDED | 0.005s
MONGODB | localhost:27017 | triresults2_development.find | STARTED | {"find"=>"races", "filter"=>{}, "limit"=>-1}
MONGODB | localhost:27017 | triresults2_development.find | SUCCEEDED | 0.001s
MONGODB | localhost:27017 | triresults2_development.aggregate | STARTED | {"aggregate"=>"results", "pipeline"=>[{"$match"=>{"race._id"=>BSON::ObjectId('569a58b8e301d083c3000000')}}, {"$match"=>{"race._id"=>BSON::ObjectId('569a58b8e301d083c3000000'), "updated_at"=>{"$exists"=>true}}}, {"$sort"=>{"secs"=>1, "bib"=>1}}, {"$gro...
MONGODB | localhost:27017 | triresults2_development.aggregate | SUCCEEDED | 0.003s
MONGODB | localhost:27017 | triresults2_development.find | STARTED | {"find"=>"races", "filter"=>{}, "limit"=>-1}
MONGODB | localhost:27017 | triresults2_development.find | SUCCEEDED | 0.001s
MONGODB | localhost:27017 | triresults2_development.aggregate | STARTED | {"aggregate"=>"results", "pipeline"=>[{"$match"=>{"race._id"=>BSON::ObjectId('569a58b8e301d083c3000000')}}, {"$match"=>{"race._id"=>BSON::ObjectId('569a58b8e301d083c3000000'), "updated_at"=>{"$exists"=>true}}}, {"$sort"=>{"secs"=>1, "bib"=>1}}, {"$gro...
MONGODB | localhost:27017 | triresults2_development.aggregate | SUCCEEDED | 0.003s
